Jul 24 16:12:46 detox[27529] TRACE: [DETOX_CREATE] created a Detox instance with config:
{
  appsConfig: {
    default: {
      type: 'android.apk',
      binaryPath: 'android/app/build/outputs/apk/debug/app-debug.apk',
      build: 'cd ./android && ./gradlew assembleDebug assembleAndroidTest -DtestBuildType=debug && cd ..'
    }
  },
  artifactsConfig: {
    rootDir: 'artifacts/android.att.debug.2022-07-24 14-12-44Z',
    plugins: {
      log: {
        enabled: true,
        keepOnlyFailedTestsArtifacts: false
      },
      screenshot: {
        enabled: true,
        shouldTakeAutomaticSnapshots: false,
        keepOnlyFailedTestsArtifacts: false
      },
      video: {
        enabled: false,
        keepOnlyFailedTestsArtifacts: false
      },
      instruments: {
        enabled: false,
        keepOnlyFailedTestsArtifacts: false
      },
      timeline: {
        enabled: false
      },
      uiHierarchy: {
        enabled: false,
        keepOnlyFailedTestsArtifacts: false
      }
    },
    pathBuilder: ArtifactPathBuilder {
      _rootDir: 'artifacts/android.att.debug.2022-07-24 14-12-44Z'
    }
  },
  behaviorConfig: {
    init: {
      reinstallApp: false,
      exposeGlobals: true
    },
    cleanup: {
      shutdownDevice: false
    },
    launchApp: 'auto'
  },
  cliConfig: {
    recordLogs: 'all',
    configuration: 'android.att.debug',
    loglevel: 'trace',
    reuse: true,
    useCustomLogger: true
  },
  configurationName: 'android.att.debug',
  deviceConfig: {
    type: 'android.attached',
    device: {
      adbName: 'R9PRA05C9XX'
    }
  },
  runnerConfig: {
    testRunner: 'jest',
    runnerConfig: 'e2e/config.json',
    specs: 'e2e',
    skipLegacyWorkersInjection: true
  },
  sessionConfig: {
    autoStart: true,
    sessionId: 'e40a3df4-f461-fb72-eabd-65c4fb337164',
    debugSynchronization: 10000
  }
}
Jul 24 16:12:46 detox[27529] DEBUG: [WSS_CREATE] Detox server listening on localhost:40373...
Jul 24 16:12:46 detox[27529] DEBUG: [WSS_CONNECTION, #42876] registered a new connection.
Jul 24 16:12:46 detox[27529] TRACE: [WS_OPEN] opened web socket to: ws://localhost:40373
Jul 24 16:12:46 detox[27529] TRACE: [WS_SEND] {"type":"login","params":{"sessionId":"e40a3df4-f461-fb72-eabd-65c4fb337164","role":"tester"},"messageId":0}
Jul 24 16:12:46 detox[27529] TRACE: [WSS_GET_FROM, #42876] {"type":"login","params":{"sessionId":"e40a3df4-f461-fb72-eabd-65c4fb337164","role":"tester"},"messageId":0}
Jul 24 16:12:46 detox[27529] TRACE: [SESSION_CREATED] created session e40a3df4-f461-fb72-eabd-65c4fb337164
Jul 24 16:12:46 detox[27529] TRACE: [WSS_SEND_TO, #tester] {"type":"loginSuccess","params":{"testerConnected":true,"appConnected":false},"messageId":0}
Jul 24 16:12:46 detox[27529] TRACE: [SESSION_JOINED] tester joined session e40a3df4-f461-fb72-eabd-65c4fb337164
Jul 24 16:12:46 detox[27529] TRACE: [WS_MESSAGE] {"type":"loginSuccess","params":{"testerConnected":true,"appConnected":false},"messageId":0}
 
Jul 24 16:12:46 detox[27529] DEBUG: [EXEC_CMD, #0] "/home/sutuioncode/Android/platform-tools/adb"  devices
Jul 24 16:12:48 detox[27529] DEBUG: [EXEC_SUCCESS, #0] List of devices attached
R9PRA05C9XX	device


Jul 24 16:12:48 detox[27529] DEBUG: [DEVICE_LOOKUP] Found a matching & free device R9PRA05C9XX
Jul 24 16:12:48 detox[27529] DEBUG: [EXEC_CMD, #1] "/home/sutuioncode/Android/platform-tools/adb" -s R9PRA05C9XX shell "getprop ro.build.version.sdk"
Jul 24 16:12:48 detox[27529] TRACE: [EXEC_SUCCESS, #1] 30

Jul 24 16:12:48 detox[27529] DEBUG: [EXEC_CMD, #2] "/home/sutuioncode/Android/platform-tools/adb" -s R9PRA05C9XX shell "dumpsys power | grep \"^[ ]*m[UW].*=\""
Jul 24 16:12:48 detox[27529] TRACE: [EXEC_SUCCESS, #2]   mWakefulnessChanging=false
  mWakeLockSummary=0x0
  mUserActivitySummary=0x4
  mWakeUpWhenPluggedOrUnpluggedConfig=true
  mWakeUpWhenPluggedOrUnpluggedInTheaterModeConfig=false
  mUserActivityTimeoutOverrideFromWindowManager=-1
  mUserActivityTimeoutForDexOverrideFromWindowManager=-1
  mUserInactiveOverrideFromWindowManager=false
  mUserId=0

Jul 24 16:12:48 detox[27529] TRACE: [ARTIFACTS_LIFECYCLE] artifactsManager.onBootDevice({ deviceId: 'R9PRA05C9XX', type: 'device', coldBoot: false })
Jul 24 16:12:48 detox[27529] DEBUG: [EXEC_CMD, #3] "/home/sutuioncode/Android/build-tools/30.0.2/aapt" dump badging "/home/sutuioncode/ProjectsIsutc/Irriga/android/app/build/outputs/apk/debug/app-debug.apk"
Jul 24 16:12:48 detox[27529] TRACE: [EXEC_SUCCESS, #3] package: name='com.irriga' versionCode='1' versionName='1.0' compileSdkVersion='31' compileSdkVersionCodename='12'
sdkVersion:'21'
targetSdkVersion:'31'
uses-permission: name='android.permission.SYSTEM_ALERT_WINDOW'
uses-permission: name='android.permission.ACCESS_COARSE_LOCATION'
uses-permission: name='android.permission.ACCESS_FINE_LOCATION'
uses-permission: name='android.permission.INTERNET'
uses-permission: name='android.permission.CAMERA'
uses-permission: name='android.permission.ACCESS_WIFI_STATE'
uses-permission: name='android.permission.WRITE_EXTERNAL_STORAGE'
uses-permission: name='android.permission.USE_BIOMETRIC'
uses-permission: name='android.permission.USE_FINGERPRINT'
uses-permission: name='android.permission.READ_EXTERNAL_STORAGE'
uses-permission: name='android.permission.WAKE_LOCK'
uses-permission: name='android.permission.ACCESS_NETWORK_STATE'
uses-permission: name='android.permission.RECEIVE_BOOT_COMPLETED'
uses-permission: name='android.permission.FOREGROUND_SERVICE'
uses-permission: name='com.google.android.finsky.permission.BIND_GET_INSTALL_REFERRER_SERVICE'
application-label:'Irriga'
application-label-af:'Irriga'
application-label-am:'Irriga'
application-label-ar:'Irriga'
application-label-as:'Irriga'
application-label-az:'Irriga'
application-label-be:'Irriga'
application-label-bg:'Irriga'
application-label-bn:'Irriga'
application-label-bs:'Irriga'
application-label-ca:'Irriga'
application-label-cs:'Irriga'
application-label-da:'Irriga'
application-label-de:'Irriga'
application-label-el:'Irriga'
application-label-en-AU:'Irriga'
application-label-en-CA:'Irriga'
application-label-en-GB:'Irriga'
application-label-en-IN:'Irriga'
application-label-en-XC:'Irriga'
application-label-es:'Irriga'
application-label-es-US:'Irriga'
application-label-et:'Irriga'
application-label-eu:'Irriga'
application-label-fa:'Irriga'
application-label-fi:'Irriga'
application-label-fr:'Irriga'
application-label-fr-CA:'Irriga'
application-label-gl:'Irriga'
application-label-gu:'Irriga'
application-label-hi:'Irriga'
application-label-hr:'Irriga'
application-label-hu:'Irriga'
application-label-hy:'Irriga'
application-label-in:'Irriga'
application-label-is:'Irriga'
application-label-it:'Irriga'
application-label-iw:'Irriga'
application-label-ja:'Irriga'
application-label-ka:'Irriga'
application-label-kk:'Irriga'
application-label-km:'Irriga'
application-label-kn:'Irriga'
application-label-ko:'Irriga'
application-label-ky:'Irriga'
application-label-lo:'Irriga'
application-label-lt:'Irriga'
application-label-lv:'Irriga'
application-label-mk:'Irriga'
application-label-ml:'Irriga'
application-label-mn:'Irriga'
application-label-mr:'Irriga'
application-label-ms:'Irriga'
application-label-my:'Irriga'
application-label-nb:'Irriga'
application-label-ne:'Irriga'
application-label-nl:'Irriga'
application-label-or:'Irriga'
application-label-pa:'Irriga'
application-label-pl:'Irriga'
application-label-pt:'Irriga'
application-label-pt-BR:'Irriga'
application-label-pt-PT:'Irriga'
application-label-ro:'Irriga'
application-label-ru:'Irriga'
application-label-si:'Irriga'
application-label-sk:'Irriga'
application-label-sl:'Irriga'
application-label-sq:'Irriga'
application-label-sr:'Irriga'
application-label-sr-Latn:'Irriga'
application-label-sv:'Irriga'
application-label-sw:'Irriga'
application-label-ta:'Irriga'
application-label-te:'Irriga'
application-label-th:'Irriga'
application-label-tl:'Irriga'
application-label-tr:'Irriga'
application-label-uk:'Irriga'
application-label-ur:'Irriga'
application-label-uz:'Irriga'
application-label-vi:'Irriga'
application-label-zh:'Irriga'
application-label-zh-CN:'Irriga'
application-label-zh-HK:'Irriga'
application-label-zh-TW:'Irriga'
application-label-zu:'Irriga'
application-icon-120:'res/mipmap-anydpi-v26/ic_launcher.xml'
application-icon-160:'res/mipmap-anydpi-v26/ic_launcher.xml'
application-icon-240:'res/mipmap-anydpi-v26/ic_launcher.xml'
application-icon-320:'res/mipmap-anydpi-v26/ic_launcher.xml'
application-icon-480:'res/mipmap-anydpi-v26/ic_launcher.xml'
application-icon-640:'res/mipmap-anydpi-v26/ic_launcher.xml'
application-icon-65534:'res/mipmap-anydpi-v26/ic_launcher.xml'
application: label='Irriga' icon='res/mipmap-anydpi-v26/ic_launcher.xml'
application-debuggable
launchable-activity: name='com.irriga.MainActivity'  label='' icon=''
uses-library-not-required:'org.apache.http.legacy'
feature-group: label=''
  uses-gl-es: '0x20000'
  uses-feature: name='android.hardware.camera'
  uses-implied-feature: name='android.hardware.camera' reason='requested android.permission.CAMERA permission'
  uses-feature: name='android.hardware.faketouch'
  uses-implied-feature: name='android.hardware.faketouch' reason='default feature for all apps'
  uses-feature: name='android.hardware.location'
  uses-implied-feature: name='android.hardware.location' reason='requested android.permission.ACCESS_COARSE_LOCATION permission, and requested android.permission.ACCESS_FINE_LOCATION permission'
  uses-feature: name='android.hardware.wifi'
  uses-implied-feature: name='android.hardware.wifi' reason='requested android.permission.ACCESS_WIFI_STATE permission'
main
other-activities
other-receivers
other-services
supports-screens: 'small' 'normal' 'large' 'xlarge'
supports-any-density: 'true'
locales: '--_--' 'af' 'am' 'ar' 'as' 'az' 'be' 'bg' 'bn' 'bs' 'ca' 'cs' 'da' 'de' 'el' 'en-AU' 'en-CA' 'en-GB' 'en-IN' 'en-XC' 'es' 'es-US' 'et' 'eu' 'fa' 'fi' 'fr' 'fr-CA' 'gl' 'gu' 'hi' 'hr' 'hu' 'hy' 'in' 'is' 'it' 'iw' 'ja' 'ka' 'kk' 'km' 'kn' 'ko' 'ky' 'lo' 'lt' 'lv' 'mk' 'ml' 'mn' 'mr' 'ms' 'my' 'nb' 'ne' 'nl' 'or' 'pa' 'pl' 'pt' 'pt-BR' 'pt-PT' 'ro' 'ru' 'si' 'sk' 'sl' 'sq' 'sr' 'sr-Latn' 'sv' 'sw' 'ta' 'te' 'th' 'tl' 'tr' 'uk' 'ur' 'uz' 'vi' 'zh' 'zh-CN' 'zh-HK' 'zh-TW' 'zu'
densities: '120' '160' '240' '320' '480' '640' '65534'
native-code: 'arm64-v8a' 'armeabi' 'armeabi-v7a' 'x86' 'x86_64'

Jul 24 16:12:54 ROOT_DESCRIBE_BLOCK[27529] TRACE: [ARTIFACTS_LIFECYCLE] artifactsManager.onRunDescribeStart({ name: 'ROOT_DESCRIBE_BLOCK' })
Jul 24 16:12:54 detox[27529] TRACE: [ARTIFACTS_LIFECYCLE] artifactsManager.onBeforeTerminateApp({ deviceId: 'R9PRA05C9XX', bundleId: 'com.irriga' })
Jul 24 16:12:54 detox[27529] DEBUG: [EXEC_CMD, #4] "/home/sutuioncode/Android/platform-tools/adb" -s R9PRA05C9XX shell "am force-stop com.irriga"
Jul 24 16:12:54 detox[27529] TRACE: [EXEC_SUCCESS, #4] 
Jul 24 16:12:54 detox[27529] TRACE: [ARTIFACTS_LIFECYCLE] artifactsManager.onTerminateApp({ deviceId: 'R9PRA05C9XX', bundleId: 'com.irriga' })
Jul 24 16:12:54 detox[27529] TRACE: [ARTIFACTS_LIFECYCLE] artifactsManager.onBeforeLaunchApp({
  deviceId: 'R9PRA05C9XX',
  bundleId: 'com.irriga',
  launchArgs: {
    detoxServer: 'ws://localhost:40373',
    detoxSessionId: 'e40a3df4-f461-fb72-eabd-65c4fb337164'
  }
})
Jul 24 16:12:54 detox[27529] DEBUG: [EXEC_CMD, #5] "/home/sutuioncode/Android/platform-tools/adb" -s R9PRA05C9XX shell "date +\"%m-%d %T.000\""
Jul 24 16:12:54 detox[27529] TRACE: [EXEC_SUCCESS, #5] 07-24 16:12:57.000

Jul 24 16:12:54 detox[27529] DEBUG: [EXEC_CMD, #6] "/home/sutuioncode/Android/platform-tools/adb" -s R9PRA05C9XX reverse tcp:40373 tcp:40373
Jul 24 16:12:54 detox[27529] TRACE: [EXEC_SUCCESS, #6] 40373

Jul 24 16:12:54 detox[27529] DEBUG: [EXEC_CMD, #7] "/home/sutuioncode/Android/platform-tools/adb" -s R9PRA05C9XX shell "pm list instrumentation"
Jul 24 16:12:54 detox[27529] TRACE: [EXEC_SUCCESS, #7] instrumentation:com.irriga.test/androidx.test.runner.AndroidJUnitRunner (target=com.irriga)

Jul 24 16:12:54 detox[27529] DEBUG: [SPAWN_CMD, #8, cpid=27634] /home/sutuioncode/Android/platform-tools/adb -s R9PRA05C9XX shell am instrument -w -r -e detoxServer ws://localhost:40373 -e detoxSessionId e40a3df4-f461-fb72-eabd-65c4fb337164 -e debug false com.irriga.test/androidx.test.runner.AndroidJUnitRunner
Jul 24 16:12:55 detox[27529] DEBUG: [EXEC_CMD, #9] "/home/sutuioncode/Android/platform-tools/adb" -s R9PRA05C9XX shell "ps | grep \"com\.irriga$\""
Jul 24 16:12:58 detox[27529] TRACE: [EXEC_SUCCESS, #9] u0_a304       21357    599 6325316 128668 0                   0 S com.irriga

Jul 24 16:12:58 detox[21357] TRACE: [ARTIFACTS_LIFECYCLE] artifactsManager.onLaunchApp({
  deviceId: 'R9PRA05C9XX',
  bundleId: 'com.irriga',
  launchArgs: {
    detoxServer: 'ws://localhost:40373',
    detoxSessionId: 'e40a3df4-f461-fb72-eabd-65c4fb337164'
  },
  pid: 21357
})
Jul 24 16:12:58 detox[27529] TRACE: [ARTIFACT_START] starting ADBLogcatRecording
Jul 24 16:12:58 detox[27529] DEBUG: [SPAWN_CMD, #10, cpid=27645] /home/sutuioncode/Android/platform-tools/adb -s R9PRA05C9XX shell "logcat -T \"07-24 16:12:57.000\" --pid=21357 -f /sdcard/161246190_0.log"
Jul 24 16:12:58 detox[27529] TRACE: [SPAWN_STDOUT, #8, cpid=27634] INSTRUMENTATION_STATUS: class=com.irriga.DetoxTest
INSTRUMENTATION_STATUS: current=1
INSTRUMENTATION_STATUS: id=AndroidJUnitRunner
INSTRUMENTATION_STATUS: numtests=1

Jul 24 16:12:59 detox[27529] DEBUG: [EXEC_CMD, #11] "/home/sutuioncode/Android/platform-tools/adb" -s R9PRA05C9XX shell du /sdcard/161246190_0.log
Jul 24 16:13:00 detox[27529] TRACE: [SPAWN_STDOUT, #8, cpid=27634] INSTRUMENTATION_STATUS: stream=
com.irriga.DetoxTest:
INSTRUMENTATION_STATUS: test=runDetoxTests
INSTRUMENTATION_STATUS_CODE: 1

Jul 24 16:13:02 detox[27529] TRACE: [EXEC_SUCCESS, #11] 0	/sdcard/161246190_0.log

Jul 24 16:13:54 detox[27529] TRACE: [ARTIFACTS_LIFECYCLE] artifactsManager.onHookFailure({
  error: 'Exceeded timeout of 60000 ms for a hook.\n' +
    'Use jest.setTimeout(newTimeout) to increase the timeout value, if this is a long-running test.',
  hook: 'beforeAll'
})
Jul 24 16:13:54 Login[27529] TRACE: [ARTIFACTS_LIFECYCLE] artifactsManager.onRunDescribeStart({ name: 'Login' })
Jul 24 16:13:54 detox[27529] INFO:  [97mLogin[39m is assigned to [94mAttachedDevice:R9PRA05C9XX[39m
Jul 24 16:13:54 detox[27529] INFO:  [1m[37mLogin: [39m[22m[90mshould have a login screen[39m
Jul 24 16:13:54 detox[27529] INFO:  [1m[37mLogin: [39m[22m[90mshould have a login screen[39m[90m [[31mFAIL[90m][39m
Jul 24 16:13:54 detox[27529] INFO:  [1m[37mLogin: [39m[22m[90mshould set username and password and then open dashboard screen[39m
Jul 24 16:13:54 detox[27529] INFO:  [1m[37mLogin: [39m[22m[90mshould set username and password and then open dashboard screen[39m[90m [[31mFAIL[90m][39m
Jul 24 16:13:54 Login[27529] TRACE: [ARTIFACTS_LIFECYCLE] artifactsManager.onRunDescribeFinish({ name: 'Login' })
Jul 24 16:13:54 ROOT_DESCRIBE_BLOCK[27529] TRACE: [ARTIFACTS_LIFECYCLE] artifactsManager.onRunDescribeFinish({ name: 'ROOT_DESCRIBE_BLOCK' })
Jul 24 16:13:54 detox[27529] TRACE: [ARTIFACTS_LIFECYCLE] artifactsManager.onBeforeCleanup()
Jul 24 16:13:54 detox[27529] TRACE: [ARTIFACT_SAVE] saving ADBLogcatRecording to: artifacts/android.att.debug.2022-07-24 14-12-44Z/R9PRA05C9XX 2022-07-24 14-13-54Z.startup.log
Jul 24 16:13:54 detox[27529] TRACE: [ARTIFACT_STOP] stopping ADBLogcatRecording
Jul 24 16:13:54 detox[27529] DEBUG: [EXEC_CMD, #12] "/home/sutuioncode/Android/platform-tools/adb" -s R9PRA05C9XX shell "date +\"%m-%d %T.000\""
Jul 24 16:13:56 detox[27529] TRACE: [EXEC_SUCCESS, #12] 07-24 16:13:59.000

Jul 24 16:13:56 detox[27645] TRACE: [SPAWN_KILL] sending SIGINT to: /home/sutuioncode/Android/platform-tools/adb -s R9PRA05C9XX shell logcat -T "07-24 16:12:57.000" --pid=21357 -f /sdcard/161246190_0.log
Jul 24 16:13:56 detox[27529] DEBUG: [SPAWN_END, #10, cpid=27645] /home/sutuioncode/Android/platform-tools/adb -s R9PRA05C9XX shell "logcat -T \"07-24 16:12:57.000\" --pid=21357 -f /sdcard/161246190_0.log" terminated with SIGINT
Jul 24 16:13:56 detox[27529] DEBUG: [EXEC_CMD, #13] "/home/sutuioncode/Android/platform-tools/adb" -s R9PRA05C9XX pull "/sdcard/161246190_0.log" "artifacts/android.att.debug.2022-07-24 14-12-44Z/R9PRA05C9XX 2022-07-24 14-13-54Z.startup.log"
Jul 24 16:13:56 detox[27529] TRACE: [EXEC_SUCCESS, #13] /sdcard/161246190_0.log: 1 file pulled, 0 skipped. 3.5 MB/s (47475 bytes in 0.013s)

Jul 24 16:13:56 detox[27529] DEBUG: [EXEC_CMD, #14] "/home/sutuioncode/Android/platform-tools/adb" -s R9PRA05C9XX shell "rm  \"/sdcard/161246190_0.log\""
Jul 24 16:13:57 detox[27529] TRACE: [EXEC_SUCCESS, #14] 
Jul 24 16:13:57 detox[27529] TRACE: [ARTIFACT_START] starting FileArtifact
Jul 24 16:13:57 detox[27529] TRACE: [ARTIFACT_STOP] stopping FileArtifact
Jul 24 16:13:57 detox[27529] TRACE: [ARTIFACT_SAVE] saving FileArtifact to: artifacts/android.att.debug.2022-07-24 14-12-44Z/detox_pid_27529.json.log { append: true }
Jul 24 16:13:57 detox[27529] TRACE: [ARTIFACT_START] starting FileArtifact
Jul 24 16:13:57 detox[27529] TRACE: [ARTIFACT_STOP] stopping FileArtifact
Jul 24 16:13:57 detox[27529] TRACE: [ARTIFACT_SAVE] saving FileArtifact to: artifacts/android.att.debug.2022-07-24 14-12-44Z/detox_pid_27529.log { append: true }
Jul 24 16:13:57 detox[27529] DEBUG: [MOVE_FILE] moving "/tmp/99109984-ceb1-4f17-8bb6-a393d94841e9.detox.log" to artifacts/android.att.debug.2022-07-24 14-12-44Z/detox_pid_27529.json.log
Jul 24 16:13:57 detox[27529] DEBUG: [MOVE_FILE] moving "/tmp/8a59a062-3afd-4f1d-919b-f180cb873322.detox.log" to artifacts/android.att.debug.2022-07-24 14-12-44Z/detox_pid_27529.log
Jul 24 16:13:57 detox[27529] ERROR: [APP_UNREACHABLE] Detox can't seem to connect to the test app(s)!

HINT: 

The test app might have crashed prematurely, or has had trouble setting up the connection.
Refer to our troubleshooting guide, for full details: https://wix.github.io/Detox/docs/troubleshooting/running-tests#tests-execution-hangs 



Jul 24 16:13:57 detox[27529] TRACE: [SESSION_TORN] tester exited session e40a3df4-f461-fb72-eabd-65c4fb337164
Jul 24 16:13:57 detox[27634] TRACE: [SPAWN_KILL] sending SIGINT to: /home/sutuioncode/Android/platform-tools/adb -s R9PRA05C9XX shell am instrument -w -r -e detoxServer ws://localhost:40373 -e detoxSessionId e40a3df4-f461-fb72-eabd-65c4fb337164 -e debug false com.irriga.test/androidx.test.runner.AndroidJUnitRunner
Jul 24 16:13:57 detox[27529] DEBUG: [SPAWN_END, #8, cpid=27634] /home/sutuioncode/Android/platform-tools/adb -s R9PRA05C9XX shell am instrument -w -r -e detoxServer ws://localhost:40373 -e detoxSessionId e40a3df4-f461-fb72-eabd-65c4fb337164 -e debug false com.irriga.test/androidx.test.runner.AndroidJUnitRunner terminated with SIGINT
Jul 24 16:13:57 detox[27529] DEBUG: [EXEC_CMD, #15] "/home/sutuioncode/Android/platform-tools/adb" -s R9PRA05C9XX reverse --remove tcp:40373
Jul 24 16:13:57 detox[27529] DEBUG: [WSS_CLOSE] Detox server has been closed gracefully
Jul 24 16:13:57 detox[27529] TRACE: [EXEC_SUCCESS, #15] 
