--------- beginning of kernel
07-24 18:34:22.649     0     0 D logd    : logdr: UID=2000 GID=2000 PID=5500 b tail=0 logMask=99 pid=0 start=1658680462000000000ns timeout=0ns
--------- beginning of system
07-24 18:34:22.720   514  1065 W ActivityManager: Invalid packageName: com.irriga
--------- beginning of main
07-24 18:34:22.836  1311  1527 I MediaProvider: Deleted 1 items on external_primary due to com.android.shell
07-24 18:34:23.071  5521  5521 D AndroidRuntime: >>>>>> START com.android.internal.os.RuntimeInit uid 2000 <<<<<<
07-24 18:34:23.074  5521  5521 E libc    : Access denied finding property "persist.device_config.runtime_native_boot.profilebootclasspath"
07-24 18:34:23.074  5521  5521 E libc    : Access denied finding property "persist.device_config.runtime_native_boot.enable_apex_image"
07-24 18:34:23.074  5521  5521 I AndroidRuntime: Using default boot image
07-24 18:34:23.074  5521  5521 E libc    : Access denied finding property "persist.device_config.runtime_native_boot.disable_lock_profiling"
07-24 18:34:23.074  5521  5521 I AndroidRuntime: Leaving lock profiling enabled
07-24 18:34:23.068  5521  5521 W app_process: type=1400 audit(0.0:102): avc: denied { read } for name="u:object_r:device_config_runtime_native_boot_prop:s0" dev="tmpfs" ino=8261 scontext=u:r:shell:s0 tcontext=u:object_r:device_config_runtime_native_boot_prop:s0 tclass=file permissive=0
07-24 18:34:23.075  5521  5521 E libc    : Access denied finding property "persist.device_config.runtime_native_boot.enable_generational_cc"
07-24 18:34:23.076  5521  5521 I app_process: Core platform API reporting enabled, enforcing=false
07-24 18:34:23.072  5521  5521 W app_process: type=1400 audit(0.0:103): avc: denied { read } for name="u:object_r:device_config_runtime_native_boot_prop:s0" dev="tmpfs" ino=8261 scontext=u:r:shell:s0 tcontext=u:object_r:device_config_runtime_native_boot_prop:s0 tclass=file permissive=0
07-24 18:34:23.129  5521  5521 D app_process: Time zone APEX ICU file found: /apex/com.android.tzdata/etc/icu/icu_tzdata.dat
07-24 18:34:23.129  5521  5521 D app_process: I18n APEX ICU file found: /apex/com.android.i18n/etc/icu/icudt66l.dat
07-24 18:34:23.133  5521  5521 W app_process: Unexpected CPU variant for X86 using defaults: x86
07-24 18:34:23.134  5521  5521 I app_process: The ClassLoaderContext is a special shared library.
07-24 18:34:23.144  5521  5521 W app_process: JNI RegisterNativeMethods: attempt to register 0 native methods for android.media.AudioAttributes
07-24 18:34:23.148  5521  5521 D AndroidRuntime: Calling main entry com.android.commands.am.Am
07-24 18:34:23.151   514  1065 W ActivityManager: Unable to find instrumentation target package: com.irriga
07-24 18:34:23.153  5521  5521 I app_process: System.exit called, status: 1
07-24 18:34:23.153  5521  5521 I AndroidRuntime: VM exiting with result code 1.
07-24 18:34:31.977   514   623 E WifiScoringParams: Invalid frequency(-1), using 5G as default rssi array
07-24 18:34:35.726   514  1065 D WifiNl80211Manager: Scan result ready event
07-24 18:34:35.726   514  1065 D WifiNative: Scan result ready event
07-24 18:34:50.045   461   461 E wifi_forwarder: qemu_pipe_open_ns:62: Could not connect to the 'pipe:qemud:wififorward' service: Invalid argument
07-24 18:34:50.046   461   461 E wifi_forwarder: RemoteConnection failed to initialize: RemoteConnection failed to open pipe
07-24 18:34:50.092   452   452 E netmgr  : qemu_pipe_open_ns:62: Could not connect to the 'pipe:qemud:network' service: Invalid argument
07-24 18:34:50.092   452   452 E netmgr  : Failed to open QEMU pipe 'qemud:network': Invalid argument
07-24 18:34:52.810  1468  5786 I GmscoreIpa: Starting mediastore instant index
07-24 18:35:00.004   688   688 D KeyguardClockSwitch: Updating clock: 6î¸35
